<?xml version="1.0" encoding="UTF-8"?>
<testng-results ignored="0" total="2" passed="2" failed="0" skipped="0">
  <reporter-output>
  </reporter-output>
  <suite started-at="2021-12-02T15:30:54 IST" name="Default suite" finished-at="2021-12-02T15:31:20 IST" duration-ms="25211">
    <groups>
    </groups>
    <test started-at="2021-12-02T15:30:54 IST" name="Default test" finished-at="2021-12-02T15:31:20 IST" duration-ms="25211">
      <class name="Flipkart.Login.LoginFunctionTest">
        <test-method is-config="true" signature="beforeClass()[pri:0, instance:Flipkart.Login.LoginFunctionTest@659a969b]" started-at="2021-12-02T15:30:55 IST" name="beforeClass" finished-at="2021-12-02T15:31:16 IST" duration-ms="21290" status="PASS">
          <reporter-output>
          </reporter-output>
        </test-method> <!-- beforeClass -->
        <test-method signature="f()[pri:0, instance:Flipkart.Login.LoginFunctionTest@659a969b]" started-at="2021-12-02T15:31:16 IST" name="f" finished-at="2021-12-02T15:31:20 IST" duration-ms="3782" status="PASS">
          <reporter-output>
          </reporter-output>
        </test-method> <!-- f -->
        <test-method signature="logout()[pri:0, instance:Flipkart.Login.LoginFunctionTest@659a969b]" started-at="2021-12-02T15:31:20 IST" name="logout" finished-at="2021-12-02T15:31:20 IST" duration-ms="1" status="PASS">
          <reporter-output>
          </reporter-output>
        </test-method> <!-- logout -->
        <test-method is-config="true" signature="afterClass()[pri:0, instance:Flipkart.Login.LoginFunctionTest@659a969b]" started-at="2021-12-02T15:31:20 IST" name="afterClass" finished-at="2021-12-02T15:31:20 IST" duration-ms="1" status="PASS">
          <reporter-output>
          </reporter-output>
        </test-method> <!-- afterClass -->
      </class> <!-- Flipkart.Login.LoginFunctionTest -->
    </test> <!-- Default test -->
  </suite> <!-- Default suite -->
</testng-results>
